<?xml version="1.0" encoding="UTF-8"?>
<!-- Generated by org.testng.reporters.JUnitReportReporter -->
<testsuite hostname="DESKTOP-CTL1DJU" failures="0" tests="1" name="com.tutorialsninja_Testcases.GiftCertificate" time="28.562" errors="0" timestamp="2025-05-16T17:31:37 IST" skipped="0">
  <testcase classname="com.tutorialsninja_Testcases.GiftCertificate" name="verifyNavigatetotheGiftCertificatePage" time="28.562"/>
</testsuite> <!-- com.tutorialsninja_Testcases.GiftCertificate -->
