<?xml version="1.0" encoding="UTF-8"?>
<!-- Generated by org.testng.reporters.JUnitReportReporter -->
<testsuite hostname="DESKTOP-CTL1DJU" failures="0" tests="7" name="com.tutorialsninja_Testcases.SpecialOffer" time="35.318" errors="0" timestamp="2025-05-15T15:11:47 IST" skipped="0">
  <testcase classname="com.tutorialsninja_Testcases.SpecialOffer" name="navigatetotheSpecialOfferPage" time="3.987"/>
  <testcase classname="com.tutorialsninja_Testcases.SpecialOffer" name="navigatetotheSiteMapPage" time="4.414"/>
  <testcase classname="com.tutorialsninja_Testcases.SpecialOffer" name="verifyProductComparelink" time="3.772"/>
  <testcase classname="com.tutorialsninja_Testcases.SpecialOffer" name="verifyNUmberofProductUsingShowfields" time="4.746"/>
  <testcase classname="com.tutorialsninja_Testcases.SpecialOffer" name="verifyAddProductintheWishList" time="6.545"/>
  <testcase classname="com.tutorialsninja_Testcases.SpecialOffer" name="verifyAddProductforComaparison" time="5.676"/>
  <testcase classname="com.tutorialsninja_Testcases.SpecialOffer" name="verifyProductDisplayPage" time="6.178"/>
</testsuite> <!-- com.tutorialsninja_Testcases.SpecialOffer -->
