<?xml version="1.0" encoding="UTF-8"?>
<!-- Generated by org.testng.reporters.JUnitReportReporter -->
<testsuite hostname="DESKTOP-CTL1DJU" failures="0" tests="6" name="com.tutorialsninja_Testcases.Login" time="28.708" errors="0" timestamp="2025-05-15T15:11:47 IST" skipped="0">
  <testcase classname="com.tutorialsninja_Testcases.Login" name="verifyLoginwithValidCredential" time="5.093"/>
  <testcase classname="com.tutorialsninja_Testcases.Login" name="verifyLoginwithInvalidEmailaddressandInvalidPassword" time="4.812"/>
  <testcase classname="com.tutorialsninja_Testcases.Login" name="verifyLoginwithInvalidEmailaddressandvalidPassword" time="5.020"/>
  <testcase classname="com.tutorialsninja_Testcases.Login" name="verifyLoginwithvalidEmailaddressandInvalidPassword" time="4.770"/>
  <testcase classname="com.tutorialsninja_Testcases.Login" name="verifyLoginwithoutenteringtheCredentials" time="4.726"/>
  <testcase classname="com.tutorialsninja_Testcases.Login" name="verifyForgotpasswordlink" time="4.287"/>
</testsuite> <!-- com.tutorialsninja_Testcases.Login -->
