<?xml version="1.0" encoding="UTF-8"?>
<!-- Generated by org.testng.reporters.JUnitReportReporter -->
<testsuite hostname="DESKTOP-CTL1DJU" failures="0" tests="6" name="com.tutorialsninja_Testcases.Register" time="36.399" errors="0" timestamp="2025-05-15T15:11:47 IST" skipped="0">
  <testcase classname="com.tutorialsninja_Testcases.Register" name="verifyRegisteraccountwithMandatoryFields" time="5.991"/>
  <testcase classname="com.tutorialsninja_Testcases.Register" name="verifyRegisteringanAccountbyprovidingallthefields" time="6.090"/>
  <testcase classname="com.tutorialsninja_Testcases.Register" name="verifyRegisteringAccountWithoutFillingAnyDetails" time="4.777"/>
  <testcase classname="com.tutorialsninja_Testcases.Register" name="verifyRegisterAccountEnteringDifferentPassword" time="6.891"/>
  <testcase classname="com.tutorialsninja_Testcases.Register" name="verifyRegisteringanAccountExistingAccount" time="5.668"/>
  <testcase classname="com.tutorialsninja_Testcases.Register" name="verifyRegisterAccountbyusinginvalidEmail" time="6.982"/>
</testsuite> <!-- com.tutorialsninja_Testcases.Register -->
