<?xml version="1.0" encoding="UTF-8"?>
<!-- Generated by org.testng.reporters.JUnitReportReporter -->
<testsuite hostname="DESKTOP-CTL1DJU" failures="0" tests="2" name="com.tutorialsninja_Testcases.Logout" time="11.085" errors="0" timestamp="2025-05-15T15:11:47 IST" skipped="0">
  <testcase classname="com.tutorialsninja_Testcases.Logout" name="verifyLogoutUsingDropdown" time="5.900"/>
  <testcase classname="com.tutorialsninja_Testcases.Logout" name="verifyLogoutUsingRightColoumnOptions" time="5.185"/>
</testsuite> <!-- com.tutorialsninja_Testcases.Logout -->
