<?xml version="1.0" encoding="UTF-8"?>
<!-- Generated by org.testng.reporters.JUnitReportReporter -->
<testsuite hostname="DESKTOP-CTL1DJU" failures="0" tests="5" name="com.tutorialsninja_Testcases.ContactUs" time="44.282" errors="0" timestamp="2025-05-19T10:13:35 IST" skipped="0">
  <testcase classname="com.tutorialsninja_Testcases.ContactUs" name="verifyNavigatetotheContactPage" time="6.961"/>
  <testcase classname="com.tutorialsninja_Testcases.ContactUs" name="verifyNavigatetotheContactPageFooterlink" time="9.699"/>
  <testcase classname="com.tutorialsninja_Testcases.ContactUs" name="verifyFillalltheMandatoryFieldinContactUsPage" time="10.020"/>
  <testcase classname="com.tutorialsninja_Testcases.ContactUs" name="verifyEnterInvalidEmailID" time="8.411"/>
  <testcase classname="com.tutorialsninja_Testcases.ContactUs" name="verifyclickSubmitWithoutEntertheDetails" time="9.191"/>
</testsuite> <!-- com.tutorialsninja_Testcases.ContactUs -->
