<?xml version="1.0" encoding="UTF-8"?>
<!-- Generated by org.testng.reporters.JUnitReportReporter -->
<testsuite hostname="DESKTOP-CTL1DJU" failures="0" tests="3" name="com.tutorialsninja_Testcases.Search" time="16.984" errors="0" timestamp="2025-05-15T15:11:47 IST" skipped="0">
  <testcase classname="com.tutorialsninja_Testcases.Search" name="verifySearchExistingProductName" time="6.572"/>
  <testcase classname="com.tutorialsninja_Testcases.Search" name="verifySearchNonExistingProductName" time="5.665"/>
  <testcase classname="com.tutorialsninja_Testcases.Search" name="verifySearchWithoutEnteringName" time="4.747"/>
</testsuite> <!-- com.tutorialsninja_Testcases.Search -->
